PIF table: 

nul -> (-1 ,-1)
main -> (-1 ,-1)
{ -> (-1 ,-1)
intreg -> (-1 ,-1)
number1 -> (7 ,0)
; -> (-1 ,-1)
intreg -> (-1 ,-1)
number2 -> (7 ,1)
; -> (-1 ,-1)
intreg -> (-1 ,-1)
number3 -> (7 ,2)
; -> (-1 ,-1)
intreg -> (-1 ,-1)
maxim -> (5 ,0)
; -> (-1 ,-1)
scrie -> (-1 ,-1)
: -> (-1 ,-1)
number1 -> (7 ,0)
; -> (-1 ,-1)
scrie -> (-1 ,-1)
: -> (-1 ,-1)
number2 -> (7 ,1)
; -> (-1 ,-1)
scrie -> (-1 ,-1)
: -> (-1 ,-1)
number3 -> (7 ,2)
; -> (-1 ,-1)
daca -> (-1 ,-1)
: -> (-1 ,-1)
number1 -> (7 ,0)
> -> (-1 ,-1)
maxim -> (5 ,0)
{ -> (-1 ,-1)
maxim -> (5 ,0)
= -> (-1 ,-1)
number1 -> (7 ,0)
; -> (-1 ,-1)
} -> (-1 ,-1)
daca -> (-1 ,-1)
: -> (-1 ,-1)
number2 -> (7 ,1)
> -> (-1 ,-1)
maxim -> (5 ,0)
{ -> (-1 ,-1)
maxim -> (5 ,0)
= -> (-1 ,-1)
number2 -> (7 ,1)
; -> (-1 ,-1)
} -> (-1 ,-1)
daca -> (-1 ,-1)
: -> (-1 ,-1)
number3 -> (7 ,2)
> -> (-1 ,-1)
maxim -> (5 ,0)
{ -> (-1 ,-1)
maxim -> (5 ,0)
= -> (-1 ,-1)
number3 -> (7 ,2)
; -> (-1 ,-1)
} -> (-1 ,-1)
afiseaza -> (-1 ,-1)
: -> (-1 ,-1)
maxim -> (5 ,0)
; -> (-1 ,-1)
afiseaza -> (-1 ,-1)
: -> (-1 ,-1)
2 -> (1 ,0)
} -> (-1 ,-1)

