PIF table: 

nul -> -1
main -> -1
{ -> -1
intreg -> -1
number1 -> 0
; -> -1
intreg -> -1
number2 -> 1
; -> -1
intreg -> -1
number3 -> 2
; -> -1
intreg -> -1
maxim -> 0
= -> -1
MIN_INTREG -> 0
; -> -1
scrie -> -1
: -> -1
number1 -> 0
; -> -1
scrie -> -1
: -> -1
number2 -> 1
; -> -1
scrie -> -1
: -> -1
number3 -> 2
; -> -1
daca -> -1
: -> -1
number1 -> 0
> -> -1
maxim -> 0
{ -> -1
maxim -> 0
= -> -1
number1 -> 0
; -> -1
} -> -1
daca -> -1
: -> -1
number2 -> 1
> -> -1
maxim -> 0
{ -> -1
maxim -> 0
= -> -1
number2 -> 1
; -> -1
} -> -1
daca -> -1
: -> -1
number3 -> 2
> -> -1
maxim -> 0
{ -> -1
maxim -> 0
= -> -1
number3 -> 2
; -> -1
} -> -1
afiseaza -> -1
: -> -1
maxim -> 0
; -> -1
afiseaza -> -1
: -> -1
2 -> 0
} -> -1

